#
# A fatal error has been detected by the Java Runtime Environment:
#
#  SIGSEGV (0xb) at pc=0x00007fb82d0693fa, pid=4462, tid=140428107200256
#
# JRE version: OpenJDK Runtime Environment (8.0_91-b14) (build 1.8.0_91-8u91-b14-3ubuntu1~15.10.1-b14)
# Java VM: OpenJDK 64-Bit Server VM (25.91-b14 mixed mode linux-amd64 compressed oops)
# Problematic frame:
# v  ~BufferBlob::jni_fast_GetLongField
#
# Failed to write core dump. Core dumps have been disabled. To enable core dumping, try "ulimit -c unlimited" before starting Java again
#
# If you would like to submit a bug report, please visit:
#   http://bugreport.java.com/bugreport/crash.jsp
# The crash happened outside the Java Virtual Machine in native code.
# See problematic frame for where to report the bug.
#

---------------  T H R E A D  ---------------

Current thread (0x00007fb83c26e800):  JavaThread "AWT-XAWT" daemon [_thread_in_native, id=4484, stack(0x00007fb7f7623000,0x00007fb7f7724000)]

siginfo: si_signo: 11 (SIGSEGV), si_code: 1 (SEGV_MAPERR), si_addr: 0x0000000000000000

Registers:
RAX=0x00007fb844394ec0, RBX=0x00007fb83c26e9e0, RCX=0x0000000000000000, RDX=0x0000000000000042
RSP=0x00007fb7f7722838, RBP=0x00007fb7f7722860, RSI=0x0000000000000000, RDI=0x00007fb83c26e9e0
R8 =0x00000000ee565308, R9 =0x0000000000000000, R10=0x0000000000000072, R11=0x00007fb82d278598
R12=0x00007fb7cc00fd90, R13=0x0000000000000000, R14=0x00007fb8257bab00, R15=0x00007fb83c26e800
RIP=0x00007fb82d0693fa, EFLAGS=0x0000000000010246, CSGSFS=0xc2fd000000000033, ERR=0x0000000000000004
  TRAPNO=0x000000000000000e

Top of Stack: (sp=0x00007fb7f7722838)
0x00007fb7f7722838:   00007fb825597f64 00007fb840bae2b0
0x00007fb7f7722848:   00007fb7cc00fd90 00007fb7f7722910
0x00007fb7f7722858:   00007fb7f77228e0 0000000000000000
0x00007fb7f7722868:   00007fb82505a3c0 00007fb840bae2b0
0x00007fb7f7722878:   00007fb7f77228a0 0000000000000000
0x00007fb7f7722888:   00007fb825051f93 00007fb7f7722910
0x00007fb7f7722898:   00007fb82558fcdf 00007fb7f77228f0
0x00007fb7f77228a8:   00007fb82d278636 0000000000000000
0x00007fb7f77228b8:   00007fb82d21bf76 00007fb7f7722910
0x00007fb7f77228c8:   00007fb82d15766c 00007fb7f7722970
0x00007fb7f77228d8:   00000000ee74bf00 00000000ee74ccc0
0x00007fb7f77228e8:   0000000000000001 00007fb7f7722970
0x00007fb7f77228f8:   00007fb82d0077d0 00007fb7f7722970
0x00007fb7f7722908:   00007fb82d0077d0 0000000000000000
0x00007fb7f7722918:   00007fb82d007b10 00007fb7e4000e30
0x00007fb7f7722928:   00000000ee7cdad0 00007fb7f7722930
0x00007fb7f7722938:   00007fb840b8e314 00007fb7f77229b8
0x00007fb7f7722948:   00007fb840b97238 0000000000000000
0x00007fb7f7722958:   00007fb840b8e450 00007fb7f7722910
0x00007fb7f7722968:   00007fb7f77229b0 00007fb7f7722a00
0x00007fb7f7722978:   00007fb82d007ffd 0000000000000000
0x00007fb7f7722988:   00000000eebf5e10 0000000000000000
0x00007fb7f7722998:   0000000000000000 0000000000000000
0x00007fb7f77229a8:   00000000ee7cdad0 0000000000000000
0x00007fb7f77229b8:   00000000ee78c158 00007fb7f77229c0
0x00007fb7f77229c8:   00007fb840b8e155 00007fb7f7722a10
